<?xml version="1.0" encoding="UTF-8"?>
<!-- Generated by org.testng.reporters.JUnitReportReporter -->
<testsuite skipped="0" hostname="DESKTOP-T8H87ST" name="testng_programs.p23" tests="3" failures="0" timestamp="2022-05-04T23:09:09 IST" time="0.063" errors="0">
  <testcase name="script3" time="0.024" classname="testng_programs.p23"/>
  <system-out>
    <![CDATA[from script3]]>
  </system-out>
  <testcase name="script1" time="0.020" classname="testng_programs.p23"/>
  <system-out>
    <![CDATA[from script2]]>
  </system-out>
  <testcase name="script" time="0.019" classname="testng_programs.p23"/>
  <system-out/>
</testsuite> <!-- testng_programs.p23 -->
