<?xml version="1.0" encoding="UTF-8"?>
<!-- Generated by org.testng.reporters.JUnitReportReporter -->
<testsuite skipped="0" hostname="DESKTOP-T8H87ST" name="testng_programs.practise6" tests="2" failures="0" timestamp="2022-04-30T08:44:37 IST" time="80.912" errors="0">
  <testcase name="actiLogin" time="52.816" classname="testng_programs.practise6"/>
  <system-out/>
  <testcase name="actiLogin" time="28.096" classname="testng_programs.practise6"/>
  <system-out/>
</testsuite> <!-- testng_programs.practise6 -->
