<?xml version="1.0" encoding="UTF-8"?>
<!-- Generated by org.testng.reporters.JUnitReportReporter -->
<testsuite skipped="0" hostname="DESKTOP-T8H87ST" name="testng_programs.p4" tests="2" failures="0" timestamp="2022-04-27T17:06:51 IST" time="52.265" errors="0">
  <testcase name="FBloginScript" time="20.671" classname="testng_programs.p4"/>
  <system-out/>
  <testcase name="actiLoginScript" time="31.594" classname="testng_programs.p4"/>
  <system-out/>
</testsuite> <!-- testng_programs.p4 -->
