<?xml version="1.0" encoding="UTF-8"?>
<!-- Generated by org.testng.reporters.JUnitReportReporter -->
<testsuite skipped="0" hostname="DESKTOP-T8H87ST" name="testng_programs.practise7" tests="2" failures="0" timestamp="2022-04-30T08:44:37 IST" time="90.076" errors="0">
  <testcase name="fblogin" time="36.038" classname="testng_programs.practise7"/>
  <system-out/>
  <testcase name="fblogin" time="54.038" classname="testng_programs.practise7"/>
  <system-out/>
</testsuite> <!-- testng_programs.practise7 -->
