<?xml version="1.0" encoding="UTF-8"?>
<!-- Generated by org.testng.reporters.JUnitReportReporter -->
<testsuite skipped="0" hostname="DESKTOP-T8H87ST" name="testng_programs.p3" tests="2" failures="0" timestamp="2022-04-26T17:47:11 IST" time="39.314" errors="0">
  <testcase name="FBloginScript" time="15.107" classname="testng_programs.p3"/>
  <system-out/>
  <testcase name="actiLoginScript" time="24.207" classname="testng_programs.p3"/>
  <system-out/>
</testsuite> <!-- testng_programs.p3 -->
