<?xml version="1.0" encoding="UTF-8"?>
<!-- Generated by org.testng.reporters.JUnitReportReporter -->
<testsuite skipped="0" hostname="DESKTOP-T8H87ST" name="testng_programs.p12" tests="3" failures="0" timestamp="2022-04-29T17:43:03 IST" time="263.840" errors="0">
  <testcase name="actiLoginScript" time="90.077" classname="testng_programs.p12"/>
  <system-out/>
  <testcase name="actiLoginScript" time="86.952" classname="testng_programs.p12"/>
  <system-out/>
  <testcase name="actiLoginScript" time="86.811" classname="testng_programs.p12"/>
  <system-out/>
</testsuite> <!-- testng_programs.p12 -->
