<?xml version="1.0" encoding="UTF-8"?>
<!-- Generated by org.testng.reporters.JUnitReportReporter -->
<testsuite skipped="0" hostname="DESKTOP-T8H87ST" name="testng_programs.p5" tests="1" failures="0" timestamp="2022-04-30T07:52:14 IST" time="16.417" errors="0">
  <testcase name="actiLoginScript" time="16.417" classname="testng_programs.p5"/>
  <system-out/>
</testsuite> <!-- testng_programs.p5 -->
