<?xml version="1.0" encoding="UTF-8"?>
<!-- Generated by org.testng.reporters.JUnitReportReporter -->
<testsuite skipped="0" hostname="DESKTOP-T8H87ST" name="testng_programs.p11" tests="3" failures="0" timestamp="2022-04-29T17:25:12 IST" time="51.109" errors="0">
  <testcase name="FBloginScript" time="24.072" classname="testng_programs.p11"/>
  <system-out/>
  <testcase name="FBloginScript" time="11.794" classname="testng_programs.p11"/>
  <system-out/>
  <testcase name="FBloginScript" time="15.243" classname="testng_programs.p11"/>
  <system-out/>
</testsuite> <!-- testng_programs.p11 -->
