<?xml version="1.0" encoding="UTF-8"?>
<!-- Generated by org.testng.reporters.JUnitReportReporter -->
<testsuite skipped="0" hostname="DESKTOP-T8H87ST" name="pom_Scripts.practise" tests="1" failures="0" timestamp="2022-05-07T09:06:53 IST" time="50.638" errors="0">
  <testcase name="addUser" time="50.638" classname="pom_Scripts.practise"/>
  <system-out/>
</testsuite> <!-- pom_Scripts.practise -->
