<?xml version="1.0" encoding="UTF-8"?>
<!-- Generated by org.testng.reporters.JUnitReportReporter -->
<testsuite skipped="0" hostname="DESKTOP-T8H87ST" name="testng_programs.p8" tests="1" failures="0" timestamp="2022-04-28T16:24:50 IST" time="6.338" errors="0">
  <testcase name="FBloginScript" time="6.338" classname="testng_programs.p8"/>
  <system-out/>
</testsuite> <!-- testng_programs.p8 -->
