<?xml version="1.0" encoding="UTF-8"?>
<!-- Generated by org.testng.reporters.JUnitReportReporter -->
<testsuite skipped="0" hostname="DESKTOP-T8H87ST" name="testng_programs.p20" tests="12" failures="0" timestamp="2022-05-03T17:47:18 IST" time="0.083" errors="0">
  <testcase name="pooja" time="0.015" classname="testng_programs.p20"/>
  <system-out/>
  <testcase name="pooja" time="0.000" classname="testng_programs.p20"/>
  <system-out/>
  <testcase name="shraddha" time="0.000" classname="testng_programs.p20"/>
  <system-out/>
  <testcase name="pooja" time="0.015" classname="testng_programs.p20"/>
  <system-out/>
  <testcase name="pooja" time="0.000" classname="testng_programs.p20"/>
  <system-out/>
  <testcase name="pooja" time="0.016" classname="testng_programs.p20"/>
  <system-out/>
  <testcase name="pooja" time="0.000" classname="testng_programs.p20"/>
  <system-out/>
  <testcase name="pooja" time="0.000" classname="testng_programs.p20"/>
  <system-out/>
  <testcase name="pooja" time="0.000" classname="testng_programs.p20"/>
  <system-out/>
  <testcase name="pooja" time="0.015" classname="testng_programs.p20"/>
  <system-out/>
  <testcase name="disha" time="0.022" classname="testng_programs.p20"/>
  <system-out/>
  <testcase name="pooja" time="0.000" classname="testng_programs.p20"/>
  <system-out/>
</testsuite> <!-- testng_programs.p20 -->
