<?xml version="1.0" encoding="UTF-8"?>
<!-- Generated by org.testng.reporters.JUnitReportReporter -->
<testsuite skipped="0" hostname="DESKTOP-T8H87ST" name="testng_programs.practise" tests="1" failures="0" timestamp="2022-04-27T20:43:30 IST" time="10.691" errors="0">
  <testcase name="actiLoginScript" time="10.691" classname="testng_programs.practise"/>
  <system-out/>
</testsuite> <!-- testng_programs.practise -->
