<?xml version="1.0" encoding="UTF-8"?>
<!-- Generated by org.testng.reporters.JUnitReportReporter -->
<testsuite skipped="0" hostname="DESKTOP-T8H87ST" name="testng_programs.practise3" tests="2" failures="0" timestamp="2022-04-29T16:27:51 IST" time="62.956" errors="0">
  <testcase name="FBloginScript" time="40.381" classname="testng_programs.practise3"/>
  <system-out/>
  <testcase name="FBloginScript" time="22.575" classname="testng_programs.practise3"/>
  <system-out/>
</testsuite> <!-- testng_programs.practise3 -->
