<?xml version="1.0" encoding="UTF-8"?>
<!-- Generated by org.testng.reporters.JUnitReportReporter -->
<testsuite skipped="0" hostname="DESKTOP-T8H87ST" name="testng_programs.p1" tests="1" failures="0" timestamp="2022-04-27T17:45:51 IST" time="0.032" errors="0">
  <testcase name="script" time="0.032" classname="testng_programs.p1"/>
  <system-out/>
</testsuite> <!-- testng_programs.p1 -->
