<?xml version="1.0" encoding="UTF-8"?>
<!-- Generated by org.testng.reporters.JUnitReportReporter -->
<testsuite skipped="0" hostname="DESKTOP-T8H87ST" name="testng_programs.p22" tests="4" failures="0" timestamp="2022-05-05T11:07:53 IST" time="0.056" errors="0">
  <testcase name="script4" time="0.006" classname="testng_programs.p22"/>
  <system-out/>
  <testcase name="script1" time="0.024" classname="testng_programs.p22"/>
  <system-out/>
  <testcase name="script" time="0.019" classname="testng_programs.p22"/>
  <system-out/>
  <testcase name="script3" time="0.007" classname="testng_programs.p22"/>
  <system-out/>
</testsuite> <!-- testng_programs.p22 -->
