<?xml version="1.0" encoding="UTF-8"?>
<!-- Generated by org.testng.reporters.JUnitReportReporter -->
<testsuite skipped="0" hostname="DESKTOP-T8H87ST" name="testng_programs.p14" tests="1" failures="0" timestamp="2022-05-03T08:21:25 IST" time="32.443" errors="0">
  <testcase name="actiLoginScript" time="32.443" classname="testng_programs.p14"/>
  <system-out/>
</testsuite> <!-- testng_programs.p14 -->
