<?xml version="1.0" encoding="UTF-8"?>
<!-- Generated by org.testng.reporters.JUnitReportReporter -->
<testsuite skipped="0" hostname="DESKTOP-T8H87ST" name="testng_programs.p15" tests="1" failures="0" timestamp="2022-05-03T16:54:02 IST" time="37.131" errors="0">
  <testcase name="actiLoginScript" time="37.131" classname="testng_programs.p15"/>
  <system-out/>
</testsuite> <!-- testng_programs.p15 -->
