<?xml version="1.0" encoding="UTF-8"?>
<!-- Generated by org.testng.reporters.JUnitReportReporter -->
<testsuite skipped="0" hostname="DESKTOP-T8H87ST" name="testng_programs.p2" tests="1" failures="0" timestamp="2022-04-26T17:37:58 IST" time="54.750" errors="0">
  <testcase name="actiLoginScript" time="54.750" classname="testng_programs.p2"/>
  <system-out/>
</testsuite> <!-- testng_programs.p2 -->
