<?xml version="1.0" encoding="UTF-8"?>
<!-- Generated by org.testng.reporters.JUnitReportReporter -->
<testsuite skipped="0" hostname="DESKTOP-T8H87ST" name="testng_programs.p10" tests="4" failures="0" timestamp="2022-04-29T17:04:34 IST" time="0.033" errors="0">
  <testcase name="script" time="0.016" classname="testng_programs.p10"/>
  <system-out/>
  <testcase name="script" time="0.000" classname="testng_programs.p10"/>
  <system-out/>
  <testcase name="script" time="0.000" classname="testng_programs.p10"/>
  <system-out/>
  <testcase name="script" time="0.017" classname="testng_programs.p10"/>
  <system-out/>
</testsuite> <!-- testng_programs.p10 -->
