<?xml version="1.0" encoding="UTF-8"?>
<!-- Generated by org.testng.reporters.JUnitReportReporter -->
<testsuite skipped="0" hostname="DESKTOP-T8H87ST" name="testng_programs.p13" tests="1" failures="0" timestamp="2022-05-02T16:42:04 IST" time="47.174" errors="0">
  <testcase name="adduserScript" time="47.174" classname="testng_programs.p13"/>
  <system-out/>
</testsuite> <!-- testng_programs.p13 -->
