<?xml version="1.0" encoding="UTF-8"?>
<!-- Generated by org.testng.reporters.JUnitReportReporter -->
<testsuite skipped="0" hostname="DESKTOP-T8H87ST" name="testng_programs.p19" tests="3" failures="0" timestamp="2022-05-03T17:44:05 IST" time="0.021" errors="0">
  <testcase name="shraddha" time="0.021" classname="testng_programs.p19"/>
  <system-out/>
  <testcase name="pooja" time="0.000" classname="testng_programs.p19"/>
  <system-out/>
  <testcase name="disha" time="0.000" classname="testng_programs.p19"/>
  <system-out/>
</testsuite> <!-- testng_programs.p19 -->
